<?xml version="1.0" encoding="UTF-8"?>
<!-- Generated by org.testng.reporters.JUnitXMLReporter -->
<testsuite ignored="0" hostname="Bala-TUF" failures="0" tests="6" name="E2E Test" time="22.294" errors="0" timestamp="2026-05-03T18:06:52 IST">
  <testcase classname="testcase.TC_001" name="run_TC_001" time="13.426"/>
  <testcase classname="testcase.TC_001" name="run_TC_002" time="0.37"/>
  <testcase classname="testcase.TC_001" name="run_TC_003" time="0.195"/>
  <testcase classname="testcase.TC_001" name="run_TC_004" time="2.147"/>
  <testcase classname="testcase.TC_001" name="run_TC_005" time="2.142"/>
  <testcase classname="testcase.TC_001" name="run_TC_006" time="2.205"/>
</testsuite> <!-- E2E Test -->
