<?xml version="1.0" encoding="UTF-8"?>
<!-- Generated by org.testng.reporters.JUnitXMLReporter -->
<testsuite ignored="0" hostname="Bala-TUF" failures="0" tests="6" name="E2E Test" time="12.03" errors="0" timestamp="2026-03-21T23:18:38 IST">
  <testcase classname="testcase.TC_001" name="run_TC_001" time="3.236"/>
  <testcase classname="testcase.TC_001" name="run_TC_002" time="0.176"/>
  <testcase classname="testcase.TC_001" name="run_TC_003" time="0.143"/>
  <testcase classname="testcase.TC_001" name="run_TC_004" time="2.116"/>
  <testcase classname="testcase.TC_001" name="run_TC_005" time="1.934"/>
  <testcase classname="testcase.TC_001" name="run_TC_006" time="2.14"/>
</testsuite> <!-- E2E Test -->
