<?xml version="1.0" encoding="UTF-8"?>
<testng-results ignored="0" total="7" passed="7" failed="0" skipped="0">
  <reporter-output>
  </reporter-output>
  <suite started-at="2026-05-03T18:06:14 IST" name="Saucedemo Test Suite" finished-at="2026-05-03T18:06:52 IST" duration-ms="38158">
    <groups>
    </groups>
    <test started-at="2026-05-03T18:06:14 IST" name="Negative Login Test" finished-at="2026-05-03T18:06:30 IST" duration-ms="15576">
      <class name="testcase.TC_001_Negative">
        <test-method is-config="true" signature="launchBrowser()[pri:0, instance:testcase.TC_001_Negative@175b9425]" started-at="2026-05-03T18:06:14 IST" name="launchBrowser" finished-at="2026-05-03T18:06:16 IST" duration-ms="2148" status="PASS">
          <reporter-output>
          </reporter-output>
        </test-method> <!-- launchBrowser -->
        <test-method signature="run_TC_001_Negative(java.util.HashMap)[pri:0, instance:testcase.TC_001_Negative@175b9425]" started-at="2026-05-03T18:06:17 IST" name="run_TC_001_Negative" data-provider="NegativeLogindata" finished-at="2026-05-03T18:06:29 IST" duration-ms="12635" status="PASS">
          <params>
            <param index="0">
              <value>
                <![CDATA[{password=secret_sauce, username=error_use}]]>
              </value>
            </param>
          </params>
          <reporter-output>
          </reporter-output>
        </test-method> <!-- run_TC_001_Negative -->
        <test-method is-config="true" signature="closeBrowser()[pri:0, instance:testcase.TC_001_Negative@175b9425]" started-at="2026-05-03T18:06:29 IST" name="closeBrowser" finished-at="2026-05-03T18:06:30 IST" duration-ms="168" status="PASS">
          <reporter-output>
          </reporter-output>
        </test-method> <!-- closeBrowser -->
      </class> <!-- testcase.TC_001_Negative -->
    </test> <!-- Negative Login Test -->
    <test started-at="2026-05-03T18:06:30 IST" name="E2E Test" finished-at="2026-05-03T18:06:52 IST" duration-ms="22294">
      <class name="testcase.TC_001">
        <test-method is-config="true" signature="beforeSuite()[pri:0, instance:testcase.TC_001@2e1d27ba]" started-at="2026-05-03T18:06:14 IST" name="beforeSuite" finished-at="2026-05-03T18:06:14 IST" duration-ms="201" status="PASS">
          <reporter-output>
          </reporter-output>
        </test-method> <!-- beforeSuite -->
        <test-method is-config="true" signature="launchBrowser()[pri:0, instance:testcase.TC_001@2e1d27ba]" started-at="2026-05-03T18:06:30 IST" name="launchBrowser" finished-at="2026-05-03T18:06:31 IST" duration-ms="1543" status="PASS">
          <reporter-output>
          </reporter-output>
        </test-method> <!-- launchBrowser -->
        <test-method signature="run_TC_001(java.util.HashMap)[pri:0, instance:testcase.TC_001@2e1d27ba]" started-at="2026-05-03T18:06:32 IST" name="run_TC_001" data-provider="Logindata" finished-at="2026-05-03T18:06:45 IST" duration-ms="13426" status="PASS">
          <params>
            <param index="0">
              <value>
                <![CDATA[{password=secret_sauce, username=standard_user}]]>
              </value>
            </param>
          </params>
          <reporter-output>
          </reporter-output>
        </test-method> <!-- run_TC_001 -->
        <test-method signature="run_TC_002()[pri:0, instance:testcase.TC_001@2e1d27ba]" started-at="2026-05-03T18:06:45 IST" name="run_TC_002" finished-at="2026-05-03T18:06:45 IST" duration-ms="370" status="PASS">
          <reporter-output>
          </reporter-output>
        </test-method> <!-- run_TC_002 -->
        <test-method signature="run_TC_003()[pri:0, instance:testcase.TC_001@2e1d27ba]" started-at="2026-05-03T18:06:45 IST" name="run_TC_003" finished-at="2026-05-03T18:06:46 IST" depends-on-methods="testcase.TC_001.run_TC_002" duration-ms="195" status="PASS">
          <reporter-output>
          </reporter-output>
        </test-method> <!-- run_TC_003 -->
        <test-method signature="run_TC_004()[pri:0, instance:testcase.TC_001@2e1d27ba]" started-at="2026-05-03T18:06:46 IST" name="run_TC_004" finished-at="2026-05-03T18:06:48 IST" depends-on-methods="testcase.TC_001.run_TC_003" duration-ms="2147" status="PASS">
          <reporter-output>
          </reporter-output>
        </test-method> <!-- run_TC_004 -->
        <test-method signature="run_TC_005(java.util.HashMap)[pri:0, instance:testcase.TC_001@2e1d27ba]" started-at="2026-05-03T18:06:48 IST" name="run_TC_005" data-provider="Formdata" finished-at="2026-05-03T18:06:50 IST" depends-on-methods="testcase.TC_001.run_TC_004" duration-ms="2142" status="PASS">
          <params>
            <param index="0">
              <value>
                <![CDATA[{PostCode=0616, FirstName=Test, LastName=User}]]>
              </value>
            </param>
          </params>
          <reporter-output>
          </reporter-output>
        </test-method> <!-- run_TC_005 -->
        <test-method signature="run_TC_006()[pri:0, instance:testcase.TC_001@2e1d27ba]" started-at="2026-05-03T18:06:50 IST" name="run_TC_006" finished-at="2026-05-03T18:06:52 IST" depends-on-methods="testcase.TC_001.run_TC_005" duration-ms="2205" status="PASS">
          <reporter-output>
          </reporter-output>
        </test-method> <!-- run_TC_006 -->
        <test-method is-config="true" signature="closeBrowser()[pri:0, instance:testcase.TC_001@2e1d27ba]" started-at="2026-05-03T18:06:52 IST" name="closeBrowser" finished-at="2026-05-03T18:06:52 IST" duration-ms="186" status="PASS">
          <reporter-output>
          </reporter-output>
        </test-method> <!-- closeBrowser -->
        <test-method is-config="true" signature="tearDownReport()[pri:0, instance:testcase.TC_001@2e1d27ba]" started-at="2026-05-03T18:06:52 IST" name="tearDownReport" finished-at="2026-05-03T18:06:52 IST" duration-ms="9" status="PASS">
          <reporter-output>
          </reporter-output>
        </test-method> <!-- tearDownReport -->
      </class> <!-- testcase.TC_001 -->
    </test> <!-- E2E Test -->
  </suite> <!-- Saucedemo Test Suite -->
</testng-results>
