<?xml version="1.0" encoding="UTF-8"?>
<!-- Generated by org.testng.reporters.JUnitReportReporter -->
<testsuite hostname="Bala-TUF" failures="0" tests="6" name="testcase.TC_001" time="20.485" errors="0" timestamp="2026-05-03T18:06:52 IST" skipped="0">
  <testcase classname="testcase.TC_001" name="run_TC_006" time="2.205"/>
  <testcase classname="testcase.TC_001" name="run_TC_001" time="13.426"/>
  <testcase classname="testcase.TC_001" name="run_TC_002" time="0.370"/>
  <testcase classname="testcase.TC_001" name="run_TC_003" time="0.195"/>
  <testcase classname="testcase.TC_001" name="run_TC_004" time="2.147"/>
  <testcase classname="testcase.TC_001" name="run_TC_005" time="2.142"/>
</testsuite> <!-- testcase.TC_001 -->
