<?xml version="1.0" encoding="UTF-8"?>
<!-- Generated by org.testng.reporters.JUnitReportReporter -->
<testsuite hostname="Bala-TUF" failures="0" tests="6" name="testcase.TC_001" time="9.745" errors="0" timestamp="2026-03-21T23:18:38 IST" skipped="0">
  <testcase classname="testcase.TC_001" name="run_TC_005" time="1.934"/>
  <testcase classname="testcase.TC_001" name="run_TC_003" time="0.143"/>
  <testcase classname="testcase.TC_001" name="run_TC_004" time="2.116"/>
  <testcase classname="testcase.TC_001" name="run_TC_006" time="2.140"/>
  <testcase classname="testcase.TC_001" name="run_TC_001" time="3.236"/>
  <testcase classname="testcase.TC_001" name="run_TC_002" time="0.176"/>
</testsuite> <!-- testcase.TC_001 -->
